;  LST file generated by mikroListExporter - v.2.0 
; Date/Time: 7/20/2022 5:01:44 AM
;----------------------------------------------

;Address Opcode 	ASM
0x0000	0x2825      	GOTO       37
_____DoICP:
;__Lib_System.c,6 :: 		
;__Lib_System.c,9 :: 		
0x0003	0x1283      	BCF        STATUS, 5
0x0004	0x1303      	BCF        STATUS, 6
0x0005	0x0825      	MOVF       ___DoICPAddr+1, 0
0x0006	0x008A      	MOVWF      PCLATH
;__Lib_System.c,10 :: 		
0x0007	0x0824      	MOVF       ___DoICPAddr, 0
0x0008	0x0082      	MOVWF      PCL
;__Lib_System.c,12 :: 		
L_end_____DoICP:
0x0009	0x0008      	RETURN
; end of _____DoICP
___CC2DW:
;__Lib_System.c,134 :: 		
;__Lib_System.c,137 :: 		
_CC2D_Loop1:
;__Lib_System.c,139 :: 		
0x000A	0x2003      	CALL       _____DoICP
0x000B	0x118A      	BCF        PCLATH, 3
0x000C	0x120A      	BCF        PCLATH, 4
;__Lib_System.c,141 :: 		
0x000D	0x0080      	MOVWF      INDF
;__Lib_System.c,142 :: 		
0x000E	0x0A84      	INCF       FSR, 1
;__Lib_System.c,143 :: 		
0x000F	0x0AA4      	INCF       ___DoICPAddr, 1
;__Lib_System.c,145 :: 		
0x0010	0x1903      	BTFSC      STATUS, 2
;__Lib_System.c,146 :: 		
0x0011	0x0AA5      	INCF       ___DoICPAddr+1, 1
;__Lib_System.c,147 :: 		
0x0012	0x03F0      	DECF       R0, 1
;__Lib_System.c,149 :: 		
0x0013	0x1D03      	BTFSS      STATUS, 2
;__Lib_System.c,150 :: 		
0x0014	0x280A      	GOTO       _CC2D_Loop1
;__Lib_System.c,152 :: 		
L_end___CC2DW:
0x0015	0x0008      	RETURN
; end of ___CC2DW
_stop:
;Motor.c,87 :: 		void stop()
;Motor.c,89 :: 		portb.f0=0;
0x0016	0x1283      	BCF        STATUS, 5
0x0017	0x1303      	BCF        STATUS, 6
0x0018	0x1006      	BCF        PORTB, 0
;Motor.c,90 :: 		portb.f2=0;
0x0019	0x1106      	BCF        PORTB, 2
;Motor.c,91 :: 		}
L_end_stop:
0x001A	0x0008      	RETURN
; end of _stop
_forward:
;Motor.c,75 :: 		void forward()
;Motor.c,77 :: 		portb.f0=1;
0x001B	0x1283      	BCF        STATUS, 5
0x001C	0x1303      	BCF        STATUS, 6
0x001D	0x1406      	BSF        PORTB, 0
;Motor.c,78 :: 		portb.f2=0;
0x001E	0x1106      	BCF        PORTB, 2
;Motor.c,79 :: 		}
L_end_forward:
0x001F	0x0008      	RETURN
; end of _forward
_reverse:
;Motor.c,81 :: 		void reverse()
;Motor.c,83 :: 		portb.f0=0;
0x0020	0x1283      	BCF        STATUS, 5
0x0021	0x1303      	BCF        STATUS, 6
0x0022	0x1006      	BCF        PORTB, 0
;Motor.c,84 :: 		portb.f2=1;
0x0023	0x1506      	BSF        PORTB, 2
;Motor.c,85 :: 		}
L_end_reverse:
0x0024	0x0008      	RETURN
; end of _reverse
_main:
0x0025	0x1283      	BCF        STATUS, 5
0x0026	0x1303      	BCF        STATUS, 6
0x0027	0x01A0      	CLRF       _sttus
0x0028	0x01A1      	CLRF       33
0x0029	0x01A2      	CLRF       _carry
0x002A	0x01A3      	CLRF       35
;Motor.c,6 :: 		void main()
;Motor.c,9 :: 		TRISB =0x00;
0x002B	0x1683      	BSF        STATUS, 5
0x002C	0x0186      	CLRF       TRISB
;Motor.c,10 :: 		portb = 0x00;
0x002D	0x1283      	BCF        STATUS, 5
0x002E	0x0186      	CLRF       PORTB
;Motor.c,11 :: 		TRISD = 0xff;
0x002F	0x30FF      	MOVLW      255
0x0030	0x1683      	BSF        STATUS, 5
0x0031	0x0088      	MOVWF      TRISD
;Motor.c,14 :: 		while(1){
L_main0:
;Motor.c,17 :: 		if( sttus==1)
0x0032	0x3000      	MOVLW      0
0x0033	0x1283      	BCF        STATUS, 5
0x0034	0x0621      	XORWF      _sttus+1, 0
0x0035	0x1D03      	BTFSS      STATUS, 2
0x0036	0x2839      	GOTO       L__main26
0x0037	0x3001      	MOVLW      1
0x0038	0x0620      	XORWF      _sttus, 0
L__main26:
0x0039	0x1D03      	BTFSS      STATUS, 2
0x003A	0x284B      	GOTO       L_main2
;Motor.c,19 :: 		if(portd.f4==1)
0x003B	0x1E08      	BTFSS      PORTD, 4
0x003C	0x2844      	GOTO       L_main3
;Motor.c,21 :: 		carry = 1;portd.f4=0;
0x003D	0x3001      	MOVLW      1
0x003E	0x00A2      	MOVWF      _carry
0x003F	0x3000      	MOVLW      0
0x0040	0x00A3      	MOVWF      _carry+1
0x0041	0x1208      	BCF        PORTD, 4
;Motor.c,22 :: 		sttus=0;
0x0042	0x01A0      	CLRF       _sttus
0x0043	0x01A1      	CLRF       _sttus+1
;Motor.c,23 :: 		}
L_main3:
;Motor.c,24 :: 		if(portd.f3==1)
0x0044	0x1D88      	BTFSS      PORTD, 3
0x0045	0x284A      	GOTO       L_main4
;Motor.c,26 :: 		carry =0;
0x0046	0x01A2      	CLRF       _carry
0x0047	0x01A3      	CLRF       _carry+1
;Motor.c,27 :: 		sttus=0;
0x0048	0x01A0      	CLRF       _sttus
0x0049	0x01A1      	CLRF       _sttus+1
;Motor.c,28 :: 		}
L_main4:
;Motor.c,30 :: 		}
0x004A	0x287F      	GOTO       L_main5
L_main2:
;Motor.c,31 :: 		else if( sttus==2)
0x004B	0x3000      	MOVLW      0
0x004C	0x0621      	XORWF      _sttus+1, 0
0x004D	0x1D03      	BTFSS      STATUS, 2
0x004E	0x2851      	GOTO       L__main27
0x004F	0x3002      	MOVLW      2
0x0050	0x0620      	XORWF      _sttus, 0
L__main27:
0x0051	0x1D03      	BTFSS      STATUS, 2
0x0052	0x2863      	GOTO       L_main6
;Motor.c,33 :: 		if(portd.f1==1)
0x0053	0x1C88      	BTFSS      PORTD, 1
0x0054	0x285C      	GOTO       L_main7
;Motor.c,35 :: 		carry=1;portd.f1=0;
0x0055	0x3001      	MOVLW      1
0x0056	0x00A2      	MOVWF      _carry
0x0057	0x3000      	MOVLW      0
0x0058	0x00A3      	MOVWF      _carry+1
0x0059	0x1088      	BCF        PORTD, 1
;Motor.c,36 :: 		sttus=0;
0x005A	0x01A0      	CLRF       _sttus
0x005B	0x01A1      	CLRF       _sttus+1
;Motor.c,37 :: 		}
L_main7:
;Motor.c,38 :: 		if(portd.f3==1)
0x005C	0x1D88      	BTFSS      PORTD, 3
0x005D	0x2862      	GOTO       L_main8
;Motor.c,40 :: 		carry=0;
0x005E	0x01A2      	CLRF       _carry
0x005F	0x01A3      	CLRF       _carry+1
;Motor.c,41 :: 		sttus=0;
0x0060	0x01A0      	CLRF       _sttus
0x0061	0x01A1      	CLRF       _sttus+1
;Motor.c,42 :: 		}
L_main8:
;Motor.c,43 :: 		}
0x0062	0x287F      	GOTO       L_main9
L_main6:
;Motor.c,46 :: 		if(portd.f1==1 && !carry)
0x0063	0x1C88      	BTFSS      PORTD, 1
0x0064	0x286E      	GOTO       L_main12
0x0065	0x0822      	MOVF       _carry, 0
0x0066	0x0423      	IORWF      _carry+1, 0
0x0067	0x1D03      	BTFSS      STATUS, 2
0x0068	0x286E      	GOTO       L_main12
L__main24:
;Motor.c,47 :: 		sttus=1;
0x0069	0x3001      	MOVLW      1
0x006A	0x00A0      	MOVWF      _sttus
0x006B	0x3000      	MOVLW      0
0x006C	0x00A1      	MOVWF      _sttus+1
0x006D	0x287F      	GOTO       L_main13
L_main12:
;Motor.c,48 :: 		else if(portd.f4==1 && !carry)
0x006E	0x1E08      	BTFSS      PORTD, 4
0x006F	0x2879      	GOTO       L_main16
0x0070	0x0822      	MOVF       _carry, 0
0x0071	0x0423      	IORWF      _carry+1, 0
0x0072	0x1D03      	BTFSS      STATUS, 2
0x0073	0x2879      	GOTO       L_main16
L__main23:
;Motor.c,49 :: 		sttus=2;
0x0074	0x3002      	MOVLW      2
0x0075	0x00A0      	MOVWF      _sttus
0x0076	0x3000      	MOVLW      0
0x0077	0x00A1      	MOVWF      _sttus+1
0x0078	0x287F      	GOTO       L_main17
L_main16:
;Motor.c,52 :: 		carry=0;
0x0079	0x01A2      	CLRF       _carry
0x007A	0x01A3      	CLRF       _carry+1
;Motor.c,53 :: 		portd.f1=0;
0x007B	0x1088      	BCF        PORTD, 1
;Motor.c,54 :: 		portd.f4=0;
0x007C	0x1208      	BCF        PORTD, 4
;Motor.c,55 :: 		sttus=0;
0x007D	0x01A0      	CLRF       _sttus
0x007E	0x01A1      	CLRF       _sttus+1
;Motor.c,56 :: 		}
L_main17:
L_main13:
;Motor.c,58 :: 		}
L_main9:
L_main5:
;Motor.c,60 :: 		if(sttus ==1)
0x007F	0x3000      	MOVLW      0
0x0080	0x0621      	XORWF      _sttus+1, 0
0x0081	0x1D03      	BTFSS      STATUS, 2
0x0082	0x2885      	GOTO       L__main28
0x0083	0x3001      	MOVLW      1
0x0084	0x0620      	XORWF      _sttus, 0
L__main28:
0x0085	0x1D03      	BTFSS      STATUS, 2
0x0086	0x2889      	GOTO       L_main18
;Motor.c,62 :: 		forward();
0x0087	0x201B      	CALL       _forward
;Motor.c,63 :: 		}
0x0088	0x289C      	GOTO       L_main19
L_main18:
;Motor.c,64 :: 		else if(sttus==2)
0x0089	0x3000      	MOVLW      0
0x008A	0x0621      	XORWF      _sttus+1, 0
0x008B	0x1D03      	BTFSS      STATUS, 2
0x008C	0x288F      	GOTO       L__main29
0x008D	0x3002      	MOVLW      2
0x008E	0x0620      	XORWF      _sttus, 0
L__main29:
0x008F	0x1D03      	BTFSS      STATUS, 2
0x0090	0x2893      	GOTO       L_main20
;Motor.c,66 :: 		reverse();
0x0091	0x2020      	CALL       _reverse
;Motor.c,67 :: 		}
0x0092	0x289C      	GOTO       L_main21
L_main20:
;Motor.c,68 :: 		else if(sttus==0)
0x0093	0x3000      	MOVLW      0
0x0094	0x0621      	XORWF      _sttus+1, 0
0x0095	0x1D03      	BTFSS      STATUS, 2
0x0096	0x2899      	GOTO       L__main30
0x0097	0x3000      	MOVLW      0
0x0098	0x0620      	XORWF      _sttus, 0
L__main30:
0x0099	0x1D03      	BTFSS      STATUS, 2
0x009A	0x289C      	GOTO       L_main22
;Motor.c,70 :: 		stop();
0x009B	0x2016      	CALL       _stop
;Motor.c,71 :: 		}
L_main22:
L_main21:
L_main19:
;Motor.c,72 :: 		}
0x009C	0x2832      	GOTO       L_main0
;Motor.c,73 :: 		}
L_end_main:
0x009D	0x289D      	GOTO       $+0
; end of _main
Symbol List:
//** Routines locations **
//ADDRESS    SIZE    PROCEDURE
//----------------------------------------------
0x0003       [7]    _____DoICP
0x000A      [12]    ___CC2DW
0x0016       [5]    _stop
0x001B       [5]    _forward
0x0020       [5]    _reverse
0x0025     [121]    _main
//** Variables locations ** 
//ADDRESS    SIZE    VARIABLE
//----------------------------------------------
0x0000       [1]    INDF
0x0002       [1]    PCL
0x0003       [1]    STATUS
0x0004       [1]    FSR
0x0006       [1]    PORTB
0x0008       [1]    PORTD
0x000A       [1]    PCLATH
0x0020       [2]    _sttus
0x0022       [2]    _carry
0x0024       [2]    ___DoICPAddr
0x0070       [1]    R0
0x0071       [1]    R1
0x0072       [1]    R2
0x0073       [1]    R3
0x0074       [1]    R4
0x0075       [1]    R5
0x0076       [1]    R6
0x0077       [1]    R7
0x0078       [1]    R8
0x0079       [1]    R9
0x007A       [1]    R10
0x007B       [1]    R11
0x007C       [1]    R12
0x007D       [1]    R13
0x007E       [1]    R14
0x007F       [1]    R15
0x0086       [1]    TRISB
0x0088       [1]    TRISD
