;  LST file generated by mikroListExporter - v.2.0 
; Date/Time: 8/7/2022 1:07:42 AM
;----------------------------------------------

;Address Opcode 	ASM
0x0000	0x2816      	GOTO       22
_____DoICP:
;__Lib_System.c,6 :: 		
;__Lib_System.c,9 :: 		
0x0003	0x1283      	BCF        STATUS, 5
0x0004	0x1303      	BCF        STATUS, 6
0x0005	0x082B      	MOVF       ___DoICPAddr+1, 0
0x0006	0x008A      	MOVWF      PCLATH
;__Lib_System.c,10 :: 		
0x0007	0x082A      	MOVF       ___DoICPAddr, 0
0x0008	0x0082      	MOVWF      PCL
;__Lib_System.c,12 :: 		
L_end_____DoICP:
0x0009	0x0008      	RETURN
; end of _____DoICP
___CC2DW:
;__Lib_System.c,134 :: 		
;__Lib_System.c,137 :: 		
_CC2D_Loop1:
;__Lib_System.c,139 :: 		
0x000A	0x2003      	CALL       _____DoICP
0x000B	0x118A      	BCF        PCLATH, 3
0x000C	0x120A      	BCF        PCLATH, 4
;__Lib_System.c,141 :: 		
0x000D	0x0080      	MOVWF      INDF
;__Lib_System.c,142 :: 		
0x000E	0x0A84      	INCF       FSR, 1
;__Lib_System.c,143 :: 		
0x000F	0x0AAA      	INCF       ___DoICPAddr, 1
;__Lib_System.c,145 :: 		
0x0010	0x1903      	BTFSC      STATUS, 2
;__Lib_System.c,146 :: 		
0x0011	0x0AAB      	INCF       ___DoICPAddr+1, 1
;__Lib_System.c,147 :: 		
0x0012	0x03F0      	DECF       R0, 1
;__Lib_System.c,149 :: 		
0x0013	0x1D03      	BTFSS      STATUS, 2
;__Lib_System.c,150 :: 		
0x0014	0x280A      	GOTO       _CC2D_Loop1
;__Lib_System.c,152 :: 		
L_end___CC2DW:
0x0015	0x0008      	RETURN
; end of ___CC2DW
_main:
0x0016	0x30C0      	MOVLW      192
0x0017	0x1283      	BCF        STATUS, 5
0x0018	0x1303      	BCF        STATUS, 6
0x0019	0x00A0      	MOVWF      _array
0x001A	0x30F9      	MOVLW      249
0x001B	0x00A1      	MOVWF      33
0x001C	0x30A4      	MOVLW      164
0x001D	0x00A2      	MOVWF      34
0x001E	0x30B0      	MOVLW      176
0x001F	0x00A3      	MOVWF      35
0x0020	0x3099      	MOVLW      153
0x0021	0x00A4      	MOVWF      36
0x0022	0x3092      	MOVLW      146
0x0023	0x00A5      	MOVWF      37
0x0024	0x3082      	MOVLW      130
0x0025	0x00A6      	MOVWF      38
0x0026	0x30F8      	MOVLW      248
0x0027	0x00A7      	MOVWF      39
0x0028	0x3080      	MOVLW      128
0x0029	0x00A8      	MOVWF      40
0x002A	0x3090      	MOVLW      144
0x002B	0x00A9      	MOVWF      41
;Two_Digit_Seven_Segment.c,3 :: 		void main() {
;Two_Digit_Seven_Segment.c,5 :: 		TRISB = 0x00;
0x002C	0x1683      	BSF        STATUS, 5
0x002D	0x0186      	CLRF       TRISB
;Two_Digit_Seven_Segment.c,6 :: 		portb = 0x00;
0x002E	0x1283      	BCF        STATUS, 5
0x002F	0x0186      	CLRF       PORTB
;Two_Digit_Seven_Segment.c,7 :: 		TRISC =0x00;
0x0030	0x1683      	BSF        STATUS, 5
0x0031	0x0187      	CLRF       TRISC
;Two_Digit_Seven_Segment.c,8 :: 		portc=0x00;
0x0032	0x1283      	BCF        STATUS, 5
0x0033	0x0187      	CLRF       PORTC
;Two_Digit_Seven_Segment.c,10 :: 		while(1)
L_main0:
;Two_Digit_Seven_Segment.c,12 :: 		for(i=0;i<10;i++)
0x0034	0x01F1      	CLRF       R1
0x0035	0x01F2      	CLRF       R1+1
L_main2:
0x0036	0x3080      	MOVLW      128
0x0037	0x0672      	XORWF      R1+1, 0
0x0038	0x00F0      	MOVWF      R0
0x0039	0x3080      	MOVLW      128
0x003A	0x0270      	SUBWF      R0, 0
0x003B	0x1D03      	BTFSS      STATUS, 2
0x003C	0x283F      	GOTO       L__main14
0x003D	0x300A      	MOVLW      10
0x003E	0x0271      	SUBWF      R1, 0
L__main14:
0x003F	0x1803      	BTFSC      STATUS, 0
0x0040	0x2887      	GOTO       L_main3
;Two_Digit_Seven_Segment.c,14 :: 		for(j =0;j<10;j++)
0x0041	0x01F3      	CLRF       R3
0x0042	0x01F4      	CLRF       R3+1
L_main5:
0x0043	0x3080      	MOVLW      128
0x0044	0x0674      	XORWF      R3+1, 0
0x0045	0x00F0      	MOVWF      R0
0x0046	0x3080      	MOVLW      128
0x0047	0x0270      	SUBWF      R0, 0
0x0048	0x1D03      	BTFSS      STATUS, 2
0x0049	0x284C      	GOTO       L__main15
0x004A	0x300A      	MOVLW      10
0x004B	0x0273      	SUBWF      R3, 0
L__main15:
0x004C	0x1803      	BTFSC      STATUS, 0
0x004D	0x2883      	GOTO       L_main6
;Two_Digit_Seven_Segment.c,16 :: 		for( k=0;k<50;k++)
0x004E	0x01F5      	CLRF       R5
0x004F	0x01F6      	CLRF       R5+1
L_main8:
0x0050	0x3080      	MOVLW      128
0x0051	0x0676      	XORWF      R5+1, 0
0x0052	0x00F0      	MOVWF      R0
0x0053	0x3080      	MOVLW      128
0x0054	0x0270      	SUBWF      R0, 0
0x0055	0x1D03      	BTFSS      STATUS, 2
0x0056	0x2859      	GOTO       L__main16
0x0057	0x3032      	MOVLW      50
0x0058	0x0275      	SUBWF      R5, 0
L__main16:
0x0059	0x1803      	BTFSC      STATUS, 0
0x005A	0x287F      	GOTO       L_main9
;Two_Digit_Seven_Segment.c,18 :: 		portc.f0=1;
0x005B	0x1407      	BSF        PORTC, 0
;Two_Digit_Seven_Segment.c,19 :: 		portb= array[i];
0x005C	0x0871      	MOVF       R1, 0
0x005D	0x3E20      	ADDLW      _array
0x005E	0x0084      	MOVWF      FSR
0x005F	0x0800      	MOVF       INDF, 0
0x0060	0x0086      	MOVWF      PORTB
;Two_Digit_Seven_Segment.c,20 :: 		delay_ms(10);
0x0061	0x301A      	MOVLW      26
0x0062	0x00FC      	MOVWF      R12
0x0063	0x30F8      	MOVLW      248
0x0064	0x00FD      	MOVWF      R13
L_main11:
0x0065	0x0BFD      	DECFSZ     R13, 1
0x0066	0x2865      	GOTO       L_main11
0x0067	0x0BFC      	DECFSZ     R12, 1
0x0068	0x2865      	GOTO       L_main11
0x0069	0x0000      	NOP
;Two_Digit_Seven_Segment.c,21 :: 		portc.f0=0;
0x006A	0x1007      	BCF        PORTC, 0
;Two_Digit_Seven_Segment.c,23 :: 		portc.f1=1;
0x006B	0x1487      	BSF        PORTC, 1
;Two_Digit_Seven_Segment.c,24 :: 		portb = array[j];
0x006C	0x0873      	MOVF       R3, 0
0x006D	0x3E20      	ADDLW      _array
0x006E	0x0084      	MOVWF      FSR
0x006F	0x0800      	MOVF       INDF, 0
0x0070	0x0086      	MOVWF      PORTB
;Two_Digit_Seven_Segment.c,25 :: 		delay_ms(10);
0x0071	0x301A      	MOVLW      26
0x0072	0x00FC      	MOVWF      R12
0x0073	0x30F8      	MOVLW      248
0x0074	0x00FD      	MOVWF      R13
L_main12:
0x0075	0x0BFD      	DECFSZ     R13, 1
0x0076	0x2875      	GOTO       L_main12
0x0077	0x0BFC      	DECFSZ     R12, 1
0x0078	0x2875      	GOTO       L_main12
0x0079	0x0000      	NOP
;Two_Digit_Seven_Segment.c,26 :: 		portc.f1=0;
0x007A	0x1087      	BCF        PORTC, 1
;Two_Digit_Seven_Segment.c,16 :: 		for( k=0;k<50;k++)
0x007B	0x0AF5      	INCF       R5, 1
0x007C	0x1903      	BTFSC      STATUS, 2
0x007D	0x0AF6      	INCF       R5+1, 1
;Two_Digit_Seven_Segment.c,27 :: 		}
0x007E	0x2850      	GOTO       L_main8
L_main9:
;Two_Digit_Seven_Segment.c,14 :: 		for(j =0;j<10;j++)
0x007F	0x0AF3      	INCF       R3, 1
0x0080	0x1903      	BTFSC      STATUS, 2
0x0081	0x0AF4      	INCF       R3+1, 1
;Two_Digit_Seven_Segment.c,28 :: 		}
0x0082	0x2843      	GOTO       L_main5
L_main6:
;Two_Digit_Seven_Segment.c,12 :: 		for(i=0;i<10;i++)
0x0083	0x0AF1      	INCF       R1, 1
0x0084	0x1903      	BTFSC      STATUS, 2
0x0085	0x0AF2      	INCF       R1+1, 1
;Two_Digit_Seven_Segment.c,29 :: 		}
0x0086	0x2836      	GOTO       L_main2
L_main3:
;Two_Digit_Seven_Segment.c,31 :: 		}
0x0087	0x2834      	GOTO       L_main0
;Two_Digit_Seven_Segment.c,32 :: 		}
L_end_main:
0x0088	0x2888      	GOTO       $+0
; end of _main
Symbol List:
//** Routines locations **
//ADDRESS    SIZE    PROCEDURE
//----------------------------------------------
0x0003       [7]    _____DoICP
0x000A      [12]    ___CC2DW
0x0016     [115]    _main
//** Variables locations ** 
//ADDRESS    SIZE    VARIABLE
//----------------------------------------------
0x0000       [1]    INDF
0x0002       [1]    PCL
0x0003       [1]    STATUS
0x0004       [1]    FSR
0x0006       [1]    PORTB
0x0007       [1]    PORTC
0x000A       [1]    PCLATH
0x0020      [10]    _array
0x002A       [2]    ___DoICPAddr
0x0070       [1]    R0
0x0071       [1]    R1
0x0072       [1]    R2
0x0073       [1]    R3
0x0074       [1]    R4
0x0075       [1]    R5
0x0076       [1]    R6
0x0077       [1]    R7
0x0078       [1]    R8
0x0079       [1]    R9
0x007A       [1]    R10
0x007B       [1]    R11
0x007C       [1]    R12
0x007D       [1]    R13
0x007E       [1]    R14
0x007F       [1]    R15
0x0086       [1]    TRISB
0x0087       [1]    TRISC
