;  LST file generated by mikroListExporter - v.2.0 
; Date/Time: 9/23/2022 10:13:30 AM
;----------------------------------------------

;Address Opcode 	ASM
0x0000	0x288F      	GOTO       143
_Rotation0:
;servoMotor.c,1 :: 		void Rotation0() //0 Degree
;servoMotor.c,4 :: 		for(i=0;i<50;i++){
0x0003	0x1283      	BCF        STATUS, 5
0x0004	0x1303      	BCF        STATUS, 6
0x0005	0x01F1      	CLRF       R1
0x0006	0x01F2      	CLRF       R1+1
L_Rotation00:
0x0007	0x3000      	MOVLW      0
0x0008	0x0272      	SUBWF      R1+1, 0
0x0009	0x1D03      	BTFSS      STATUS, 2
0x000A	0x280D      	GOTO       L__Rotation021
0x000B	0x3032      	MOVLW      50
0x000C	0x0271      	SUBWF      R1, 0
L__Rotation021:
0x000D	0x1803      	BTFSC      STATUS, 0
0x000E	0x2830      	GOTO       L_Rotation01
;servoMotor.c,5 :: 		PORTB.F0 = 1;
0x000F	0x1406      	BSF        PORTB, 0
;servoMotor.c,6 :: 		Delay_ms(800); // pulse of 800us
0x0010	0x3009      	MOVLW      9
0x0011	0x00FB      	MOVWF      R11
0x0012	0x301E      	MOVLW      30
0x0013	0x00FC      	MOVWF      R12
0x0014	0x30E4      	MOVLW      228
0x0015	0x00FD      	MOVWF      R13
L_Rotation03:
0x0016	0x0BFD      	DECFSZ     R13, 1
0x0017	0x2816      	GOTO       L_Rotation03
0x0018	0x0BFC      	DECFSZ     R12, 1
0x0019	0x2816      	GOTO       L_Rotation03
0x001A	0x0BFB      	DECFSZ     R11, 1
0x001B	0x2816      	GOTO       L_Rotation03
0x001C	0x0000      	NOP
;servoMotor.c,7 :: 		PORTB.F0 = 0;
0x001D	0x1006      	BCF        PORTB, 0
;servoMotor.c,8 :: 		Delay_ms(19200);
0x001E	0x30C3      	MOVLW      195
0x001F	0x00FB      	MOVWF      R11
0x0020	0x30CE      	MOVLW      206
0x0021	0x00FC      	MOVWF      R12
0x0022	0x309D      	MOVLW      157
0x0023	0x00FD      	MOVWF      R13
L_Rotation04:
0x0024	0x0BFD      	DECFSZ     R13, 1
0x0025	0x2824      	GOTO       L_Rotation04
0x0026	0x0BFC      	DECFSZ     R12, 1
0x0027	0x2824      	GOTO       L_Rotation04
0x0028	0x0BFB      	DECFSZ     R11, 1
0x0029	0x2824      	GOTO       L_Rotation04
0x002A	0x0000      	NOP
0x002B	0x0000      	NOP
;servoMotor.c,4 :: 		for(i=0;i<50;i++){
0x002C	0x0AF1      	INCF       R1, 1
0x002D	0x1903      	BTFSC      STATUS, 2
0x002E	0x0AF2      	INCF       R1+1, 1
;servoMotor.c,9 :: 		}
0x002F	0x2807      	GOTO       L_Rotation00
L_Rotation01:
;servoMotor.c,10 :: 		}
L_end_Rotation0:
0x0030	0x0008      	RETURN
; end of _Rotation0
_Rotation180:
;servoMotor.c,24 :: 		void Rotation180() //180 Degree
;servoMotor.c,28 :: 		for(i=0;i<50;i++)
0x0031	0x1283      	BCF        STATUS, 5
0x0032	0x1303      	BCF        STATUS, 6
0x0033	0x01F1      	CLRF       R1
0x0034	0x01F2      	CLRF       R1+1
L_Rotation18010:
0x0035	0x3000      	MOVLW      0
0x0036	0x0272      	SUBWF      R1+1, 0
0x0037	0x1D03      	BTFSS      STATUS, 2
0x0038	0x283B      	GOTO       L__Rotation18025
0x0039	0x3032      	MOVLW      50
0x003A	0x0271      	SUBWF      R1, 0
L__Rotation18025:
0x003B	0x1803      	BTFSC      STATUS, 0
0x003C	0x285F      	GOTO       L_Rotation18011
;servoMotor.c,30 :: 		PORTB.F0 = 1;
0x003D	0x1406      	BSF        PORTB, 0
;servoMotor.c,31 :: 		Delay_ms(2200); // pulse of 2200us
0x003E	0x3017      	MOVLW      23
0x003F	0x00FB      	MOVWF      R11
0x0040	0x3053      	MOVLW      83
0x0041	0x00FC      	MOVWF      R12
0x0042	0x3037      	MOVLW      55
0x0043	0x00FD      	MOVWF      R13
L_Rotation18013:
0x0044	0x0BFD      	DECFSZ     R13, 1
0x0045	0x2844      	GOTO       L_Rotation18013
0x0046	0x0BFC      	DECFSZ     R12, 1
0x0047	0x2844      	GOTO       L_Rotation18013
0x0048	0x0BFB      	DECFSZ     R11, 1
0x0049	0x2844      	GOTO       L_Rotation18013
0x004A	0x0000      	NOP
0x004B	0x0000      	NOP
;servoMotor.c,32 :: 		PORTB.F0 = 0;
0x004C	0x1006      	BCF        PORTB, 0
;servoMotor.c,33 :: 		Delay_ms(17800);
0x004D	0x30B5      	MOVLW      181
0x004E	0x00FB      	MOVWF      R11
0x004F	0x309A      	MOVLW      154
0x0050	0x00FC      	MOVWF      R12
0x0051	0x3049      	MOVLW      73
0x0052	0x00FD      	MOVWF      R13
L_Rotation18014:
0x0053	0x0BFD      	DECFSZ     R13, 1
0x0054	0x2853      	GOTO       L_Rotation18014
0x0055	0x0BFC      	DECFSZ     R12, 1
0x0056	0x2853      	GOTO       L_Rotation18014
0x0057	0x0BFB      	DECFSZ     R11, 1
0x0058	0x2853      	GOTO       L_Rotation18014
0x0059	0x0000      	NOP
0x005A	0x0000      	NOP
;servoMotor.c,28 :: 		for(i=0;i<50;i++)
0x005B	0x0AF1      	INCF       R1, 1
0x005C	0x1903      	BTFSC      STATUS, 2
0x005D	0x0AF2      	INCF       R1+1, 1
;servoMotor.c,34 :: 		}
0x005E	0x2835      	GOTO       L_Rotation18010
L_Rotation18011:
;servoMotor.c,35 :: 		}
L_end_Rotation180:
0x005F	0x0008      	RETURN
; end of _Rotation180
_Rotation90:
;servoMotor.c,12 :: 		void Rotation90() //90 Degree
;servoMotor.c,15 :: 		for(i=0;i<50;i++)
0x0060	0x1283      	BCF        STATUS, 5
0x0061	0x1303      	BCF        STATUS, 6
0x0062	0x01F1      	CLRF       R1
0x0063	0x01F2      	CLRF       R1+1
L_Rotation905:
0x0064	0x3000      	MOVLW      0
0x0065	0x0272      	SUBWF      R1+1, 0
0x0066	0x1D03      	BTFSS      STATUS, 2
0x0067	0x286A      	GOTO       L__Rotation9023
0x0068	0x3032      	MOVLW      50
0x0069	0x0271      	SUBWF      R1, 0
L__Rotation9023:
0x006A	0x1803      	BTFSC      STATUS, 0
0x006B	0x288E      	GOTO       L_Rotation906
;servoMotor.c,17 :: 		PORTB.F0 = 1;
0x006C	0x1406      	BSF        PORTB, 0
;servoMotor.c,18 :: 		Delay_ms(1500); // pulse of 1500us
0x006D	0x3010      	MOVLW      16
0x006E	0x00FB      	MOVWF      R11
0x006F	0x3039      	MOVLW      57
0x0070	0x00FC      	MOVWF      R12
0x0071	0x300D      	MOVLW      13
0x0072	0x00FD      	MOVWF      R13
L_Rotation908:
0x0073	0x0BFD      	DECFSZ     R13, 1
0x0074	0x2873      	GOTO       L_Rotation908
0x0075	0x0BFC      	DECFSZ     R12, 1
0x0076	0x2873      	GOTO       L_Rotation908
0x0077	0x0BFB      	DECFSZ     R11, 1
0x0078	0x2873      	GOTO       L_Rotation908
0x0079	0x0000      	NOP
0x007A	0x0000      	NOP
;servoMotor.c,19 :: 		PORTB.F0 = 0;
0x007B	0x1006      	BCF        PORTB, 0
;servoMotor.c,20 :: 		Delay_ms(18500);
0x007C	0x30BC      	MOVLW      188
0x007D	0x00FB      	MOVWF      R11
0x007E	0x30B4      	MOVLW      180
0x007F	0x00FC      	MOVWF      R12
0x0080	0x3073      	MOVLW      115
0x0081	0x00FD      	MOVWF      R13
L_Rotation909:
0x0082	0x0BFD      	DECFSZ     R13, 1
0x0083	0x2882      	GOTO       L_Rotation909
0x0084	0x0BFC      	DECFSZ     R12, 1
0x0085	0x2882      	GOTO       L_Rotation909
0x0086	0x0BFB      	DECFSZ     R11, 1
0x0087	0x2882      	GOTO       L_Rotation909
0x0088	0x0000      	NOP
0x0089	0x0000      	NOP
;servoMotor.c,15 :: 		for(i=0;i<50;i++)
0x008A	0x0AF1      	INCF       R1, 1
0x008B	0x1903      	BTFSC      STATUS, 2
0x008C	0x0AF2      	INCF       R1+1, 1
;servoMotor.c,21 :: 		}
0x008D	0x2864      	GOTO       L_Rotation905
L_Rotation906:
;servoMotor.c,22 :: 		}
L_end_Rotation90:
0x008E	0x0008      	RETURN
; end of _Rotation90
_main:
;servoMotor.c,37 :: 		void main()
;servoMotor.c,39 :: 		TRISB = 0; // PORTB as Ouput Port
0x008F	0x1683      	BSF        STATUS, 5
0x0090	0x1303      	BCF        STATUS, 6
0x0091	0x0186      	CLRF       TRISB
;servoMotor.c,40 :: 		do
L_main15:
;servoMotor.c,42 :: 		Rotation0(); //0 Degree
0x0092	0x2003      	CALL       _Rotation0
;servoMotor.c,43 :: 		Delay_ms(2000);
0x0093	0x3015      	MOVLW      21
0x0094	0x00FB      	MOVWF      R11
0x0095	0x304B      	MOVLW      75
0x0096	0x00FC      	MOVWF      R12
0x0097	0x30BE      	MOVLW      190
0x0098	0x00FD      	MOVWF      R13
L_main18:
0x0099	0x0BFD      	DECFSZ     R13, 1
0x009A	0x2899      	GOTO       L_main18
0x009B	0x0BFC      	DECFSZ     R12, 1
0x009C	0x2899      	GOTO       L_main18
0x009D	0x0BFB      	DECFSZ     R11, 1
0x009E	0x2899      	GOTO       L_main18
0x009F	0x0000      	NOP
;servoMotor.c,44 :: 		Rotation90(); //90 Degree
0x00A0	0x2060      	CALL       _Rotation90
;servoMotor.c,45 :: 		Delay_ms(2000);
0x00A1	0x3015      	MOVLW      21
0x00A2	0x00FB      	MOVWF      R11
0x00A3	0x304B      	MOVLW      75
0x00A4	0x00FC      	MOVWF      R12
0x00A5	0x30BE      	MOVLW      190
0x00A6	0x00FD      	MOVWF      R13
L_main19:
0x00A7	0x0BFD      	DECFSZ     R13, 1
0x00A8	0x28A7      	GOTO       L_main19
0x00A9	0x0BFC      	DECFSZ     R12, 1
0x00AA	0x28A7      	GOTO       L_main19
0x00AB	0x0BFB      	DECFSZ     R11, 1
0x00AC	0x28A7      	GOTO       L_main19
0x00AD	0x0000      	NOP
;servoMotor.c,46 :: 		Rotation180(); //180 Degree
0x00AE	0x2031      	CALL       _Rotation180
;servoMotor.c,47 :: 		}while(1);
0x00AF	0x2892      	GOTO       L_main15
;servoMotor.c,48 :: 		}
L_end_main:
0x00B0	0x28B0      	GOTO       $+0
; end of _main
Symbol List:
//** Routines locations **
//ADDRESS    SIZE    PROCEDURE
//----------------------------------------------
0x0003      [46]    _Rotation0
0x0031      [47]    _Rotation180
0x0060      [47]    _Rotation90
0x008F      [34]    _main
//** Variables locations ** 
//ADDRESS    SIZE    VARIABLE
//----------------------------------------------
0x0000       [1]    INDF
0x0003       [1]    STATUS
0x0004       [1]    FSR
0x0006       [1]    PORTB
0x000A       [1]    PCLATH
0x0020       [2]    ___DoICPAddr
0x0070       [1]    R0
0x0071       [1]    R1
0x0072       [1]    R2
0x0073       [1]    R3
0x0074       [1]    R4
0x0075       [1]    R5
0x0076       [1]    R6
0x0077       [1]    R7
0x0078       [1]    R8
0x0079       [1]    R9
0x007A       [1]    R10
0x007B       [1]    R11
0x007C       [1]    R12
0x007D       [1]    R13
0x007E       [1]    R14
0x007F       [1]    R15
0x0086       [1]    TRISB
